 0.1917582 0.1824176 0
 0.7375 0.1728261 1
 0.39 0.485 2
 0.8056061 0.5333333 3
 0.7362963 0.8474074 4
 0.2118421 0.8210526 5
 0.62 0.04 1
 0.69 0.83 4
 0.89 0.64 3
 0.48 0.43 2
 0.96 0.99 4
 0.7 0.83 4
 0.18 0.06 0
 0.7 0.76 4
 0.27 0.19 0
 0.23 0.3 0
 0.88 0.63 3
 0.19 0.01 0
 0.81 0.28 1
 0.34 0.61 2
 0.64 0.09 1
 0.71 0.14 1
 0.48 0.39 2
 0.89 0.64 3
 0.95 0.42 3
 0.39 0.48 2
 0.22 0.91 5
 0.15 0.09 0
 0.35 0.78 5
 0.35 0.88 5
 0.3 0.07 0
 0.83 0.3 1
 0.76 0.22 1
 0.39 0.36 2
 0.65 0.63 3
 0.95 0.57 3
 0.21 0.01 0
 0.18 0.58 2
 0.69 0.35 1
 0.44 0.26 2
 0.88 0.54 3
 0.12 0.85 5
 0.13 0.62 5
 0.93 0.83 4
 0.08 0.35 0
 0.19 0.65 5
 0.2 0.28 0
 0.83 0.84 4
 0.93 0.1 1
 0.51 0.51 2
 0.77 0.84 4
 0.51 0.93 4
 0.86 0.54 3
 0.35 0.07 0
 0.15 0.82 5
 0.68 0.88 4
 0.71 0.11 1
 0.31 0.36 2
 0.95 0.74 4
 0.6 0.06 1
 0.06 0.59 5
 0.56 0 1
 0.24 0.83 5
 0.2 0.86 5
 0.33 0.42 2
 0.68 0.38 3
 0.2 0.05 0
 0.41 0.94 5
 0.4 0.19 0
 0.93 0.57 3
 0.36 0.22 0
 0.59 0.12 1
 0.31 0.06 0
 0.73 0.25 1
 0.28 0.99 5
 0.3 0.3 0
 0.34 0.67 2
 0.44 0.29 2
 0 0.01 0
 0.14 0.51 2
 0.93 0.38 3
 0.06 0.39 0
 0.75 0.89 4
 0.04 0.85 5
 0.73 0.85 4
 0.61 0.5 3
 0.81 0.68 3
 0.55 0.36 2
 0.46 0.99 5
 0.21 0.9 5
 0.92 0.19 1
 0.12 0.37 0
 0.78 0.46 3
 0.69 0.36 1
 0.35 0.75 5
 0.91 0.17 1
 0.81 0.22 1
 0.74 0.7 4
 0.69 0.07 1
 0.76 0.87 4
 0.27 0.87 5
 0.02 0.06 0
 0.91 0.63 3
 0.17 0.39 0
 0.71 0.41 3
 0.2 0.13 0
 0.19 0.54 2
 0.62 0.05 1
 0.57 0.91 4
 0.53 0.21 1
 0.28 0.44 2
 0.2 0.49 2
 0.63 0.19 1
 0.71 0.89 4
 0.06 0.16 0
 0.25 0.79 5
 0.59 0.21 1
 0.32 0.08 0
 0.12 0.17 0
 0.53 0.2 1
 0.89 0.41 3
 0.64 0.2 1
 0.31 0.09 0
 0.64 0.84 4
 0.28 0.82 5
 0.78 0.68 3
 0.33 0.87 5
 0.58 0.72 4
 0.08 0.2 0
 0.74 0.45 3
 0.38 0.74 5
 0.12 0.12 0
 0.52 0.69 2
 0.72 0.22 1
 0.59 0.54 2
 0.8 0.78 4
 0.99 0.89 4
 0.25 0.36 0
 0.62 0.62 3
 0.04 0.01 0
 0.1 0.76 5
 0.16 0.25 0
 0.39 0.61 2
 0.41 0.49 2
 0.52 0.36 2
 0.79 0.54 3
 0.7 0.73 4
 0.19 0.09 0
 0.69 0.42 3
 0.72 0.08 1
 0.29 0.41 2
 0.05 0.12 0
 0.79 0.11 1
 0.27 0.63 2
 0.39 0.47 2
 0.52 0.7 2
 0.38 0.74 5
 0.27 0.74 5
 0.85 0 1
 0.57 0.51 2
 0.42 0.59 2
 0.22 0.28 0
 0.81 0.63 3
 0.91 0.2 1
 0.5 0.31 2
 0.35 0.46 2
 0.16 0.1 0
 0.74 0.35 1
 0.09 0.28 0
 0.74 0.09 1
 0.36 0.3 2
 0.35 0.82 5
 0.4 0.48 2
 0.25 0.52 2
 0.63 0.11 1
 0.33 0.35 2
 0.76 0.4 3
 0.93 0.76 4
 0.78 0.81 4
 0.19 0 0
 0.48 0.42 2
 0.92 0.49 3
 0.61 0.94 4
 0.84 0.06 1
 0.6 0.29 1
 0.94 0.32 1
 0.38 0.91 5
 0.14 0.41 0
 0.06 0.14 0
 0.76 0.23 1
 0.21 0.53 2
 0.26 0.91 5
 0.19 0.05 0
 0.5 0.67 2
 0.43 0.54 2
 0.31 0.31 0
 0.49 0.27 2
 0.98 0.14 1
 0.19 0.93 5
 0.27 0.32 0
 0.04 0.18 0
 0.75 0.2 1
 0.14 0.11 0
 0.8 0.88 4
 0.89 0.96 4
 0.81 0.64 3
 0.32 0.26 0
 0.58 0.07 1
 0.74 0.31 1
 0.3 0.19 0
 0.14 0.8 5
 0.15 0.69 5
 0.57 0.54 2
 0.64 0.07 1
 0.9 0.39 3
 0.19 0.36 0
 0.06 0.09 0
 0.44 0.11 0
 0 0.41 0
 0.81 0.27 1
 0.08 0.21 0
 0.05 0.11 0
 0.97 0.83 4
 0.45 0.75 5
 0.27 0.63 2
 0.47 0.29 2
 0.9 0.4 3
 0.07 0.09 0
 0.35 0.46 2
 0.1 0.02 0
 0.77 0.33 1
 0.99 0.15 1
 0.22 0.93 5
 0.72 0.08 1
 0.64 0.21 1
 0.86 0.89 4
 0.61 0.74 4
 0.07 0.86 5
 0.87 0.26 1
 0.68 0.77 4
 0.69 0.19 1
 0.92 0.29 1
 0.6 0.18 1
 0.25 0.42 2
 0.77 0.51 3
 0.3 0.5 2
 0.81 0.4 3
 0.09 0.59 5
 0.3 0.21 0
 0.89 0.32 1
 0.94 0.54 3
 0.7 0.79 4
 0 0.64 5
 0.66 0.95 4
 0.57 0.56 2
 0.97 0.97 4
 0.06 0.73 5
 0.65 0.01 1
 0.73 0.72 4
 0.73 0.94 4
 0.94 0.69 3
 0.05 0.19 0
 0.48 0.65 2
 0.35 0.27 0
 0.35 0.18 0
 0.89 0.96 4
 0.36 0.94 5
 0.49 0.33 2
 0.41 0.64 2
 0.6 0.89 4
 0.72 0.33 1
 0.26 0.9 5
 0.3 0.49 2
 0.14 0.16 0
 0.51 0.18 1
 0.8 0.66 3
 0.6 0.04 1
 0.49 0.23 1
 0.02 0.84 5
 0.83 0.62 3
 0.91 0.4 3
 0.76 0.18 1
 0.14 0.09 0
 0.43 0.35 2
 0.49 0 1
 0.52 0.29 2
 0.92 0.09 1
 0.24 0.47 2
 0.97 0.45 3
 0.33 0.58 2
 0.93 0.97 4
 0.15 0.15 0
 0.24 0.9 5
 0.97 0.13 1
 0.44 0.63 2
 0.77 0.52 3
 0.82 0.76 4
 0.36 0.14 0
 0.04 0.92 5
 0.41 0.6 2
 0.44 0.65 2
 0.06 0.85 5
 0.39 0.19 0
 0.25 0.83 5
 0.99 0.71 3
 0.36 0.5 2
 0.9 0.23 1
 0.02 0.24 0
 0.54 0.16 1
 0.36 0.97 5
 0.63 0.56 3
 0.5 0.83 4
 0.79 0.95 4
 0.89 0.21 1
 0.95 0.3 1
 0.93 0 1
 0.53 0.88 4
 0.56 0.73 4
 0.8 0.94 4
 0.2 0.97 5
 0.75 0.65 3
 0.13 0.75 5
 0.49 0.57 2
 0.65 0.78 4
 0.92 0.27 1
 0.29 0.77 5
 0.54 0.84 4
 0.38 0.51 2
 0.86 0.21 1
 0.64 0.44 3
 0.19 0.19 0
 0.07 0.74 5
 0.67 0.91 4
 0.9 0.2 1
 0.72 0.72 4
 0.18 0.86 5
 0.52 0.28 1
 0.9 0.35 3
 0.6 0.84 4
 0.63 0.68 4
 0.72 0.7 4
 0.76 0.98 4
 0.44 0 0
 0.69 0.45 3
 0.98 0.99 4
 0.51 0.93 4
 0.4 0.42 2
 0.6 0.56 3
 0.17 0.75 5
 0.5 0.08 1
 0.67 0.39 3
 0.14 0.29 0
 0.38 0.78 5
 0.25 0.61 2
 0.36 0.46 2
 0.66 0.07 1
 0.38 0.33 2
 0.24 0.6 2
 0.14 0.21 0
 0.58 0.92 4
 0.86 0.14 1
 0.95 0.68 3
 0.37 0.26 0
 0.8 0.5 3
 0.99 0.88 4
 0.72 0.98 4
 0.17 0.5 2
 0.89 0.84 4
 0.99 0.13 1
 0.87 0.57 3
 0.4 0.54 2
 0.69 0.31 1
 0.78 0.74 4
 0.74 0.65 3
 0.42 0.35 2
 0.18 0.67 5
 0 0.87 5
 0.43 0.03 0
 0.55 0.2 1
 0.19 0.65 5
 0.66 0.08 1
 0.05 0.84 5
 0.66 0.05 1
 0.87 0.05 1
 0.19 0.27 0
 0.81 0.32 1
 0.18 0.97 5
 0.54 0.67 2
 0.86 0.78 4
 0.06 0.3 0
 0.21 0.21 0
 0.57 0.57 2
 0.24 0.75 5
 0.04 0.19 0
 0.25 0.04 0
 0.86 0.69 3
 0.29 0.11 0
 0.51 0.57 2
 0.4 0.79 5
 0.38 0.45 2
 0.96 0.65 3
 0.26 0.38 2
 0.82 0.49 3
 0.25 0.1 0
 0.71 0.39 3
 0.07 0.97 5
 0.45 0.89 5
 0.1 0.88 5
 0.28 0.88 5
 0.11 0.13 0
 0.58 0.94 4
 0.82 0.4 3
 0.24 0.45 2
 0.16 0.5 2
 0.64 0.33 1
 0.65 0.81 4
 0.34 0.98 5
 0.57 0.64 2
 0.66 0.62 3
 0.98 0.04 1
 0.43 0.24 0
 0.23 0.53 2
 0.66 0.9 4
 0.53 0.2 1
 0.8 0.11 1
 0.79 0.55 3
 0.01 0.61 5
 0.94 0.21 1
 0.68 0.3 1
 0.94 0.85 4
 0.1 0.78 5
 0.8 0.41 3
 0.19 0.12 0
 0.21 0.86 5
 0.37 0.51 2
 0.08 0.95 5
 0.46 0.5 2
 0.38 0.86 5
 0.56 0.87 4
 0.89 0.89 4
 0.77 0.58 3
 0.69 0.16 1
 0.74 0.62 3
 0.45 0.31 2
 0.96 0.79 4
 0.17 0.68 5
 0.09 0.05 0
 0.94 0.89 4
 0.17 0 0
 0.02 0.25 0
 0.4 0.71 5
 0.43 0.37 2
 0.56 0.04 1
 0.78 0.64 3
 0.78 0.84 4
 0.7 0.75 4
 0.53 0.67 2
 0.22 0.92 5
 0.04 0.76 5
 0.41 0.27 2
 0.25 0.35 0
 0.92 0.05 1
 0.55 0.9 4
 0.96 0.07 1
 0.55 0.89 4
 0.6 0.62 3
 0.07 0.4 0
 0.07 0.75 5
 0.35 0.34 2
 0.48 0.49 2
 0.16 0.28 0
 0.46 0.46 2
 0.22 0.66 5
 0.77 0.77 4
 0.06 0.49 2
 0.88 0.6 3
 0.5 0.21 1
 0.64 0.36 1
 0.66 0.46 3
 0.7 0.6 3
 0.67 0.08 1
 0.46 0.2 0
 0.98 0.78 4
 0.35 0.22 0
 0.02 0.36 0
 0.12 0.17 0
 0.62 0.96 4
 0.05 0.91 5
 0.72 0.69 4
 0.64 0.83 4
 0.28 0.94 5
 0.53 0.86 4
 0.82 0.39 3
 0.56 0.49 2
 0.34 0.08 0
 0.71 0.97 4
 0.68 0.85 4
 0 0.45 0
 0.6 0.7 4
 0.91 0.5 3
